<?xml version="1.0" encoding="UTF-8"?>
<testng-results skipped="0" failed="0" total="1" passed="1">
  <reporter-output>
  </reporter-output>
  <suite name="Default suite" duration-ms="9867" started-at="2019-05-27T03:29:33Z" finished-at="2019-05-27T03:29:43Z">
    <groups>
    </groups>
    <test name="Default test" duration-ms="9867" started-at="2019-05-27T03:29:33Z" finished-at="2019-05-27T03:29:43Z">
      <class name="org.lwf.auto.TestGrun99Login">
        <test-method status="PASS" signature="setUpTest()[pri:0, instance:org.lwf.auto.TestGrun99Login@5702b3b1]" name="setUpTest" is-config="true" duration-ms="6782" started-at="2019-05-27T11:29:33Z" finished-at="2019-05-27T11:29:40Z">
          <reporter-output>
          </reporter-output>
        </test-method> <!-- setUpTest -->
        <test-method status="PASS" signature="testLoginGun99()[pri:0, instance:org.lwf.auto.TestGrun99Login@5702b3b1]" name="testLoginGun99" duration-ms="3066" started-at="2019-05-27T11:29:40Z" finished-at="2019-05-27T11:29:43Z">
          <reporter-output>
          </reporter-output>
        </test-method> <!-- testLoginGun99 -->
      </class> <!-- org.lwf.auto.TestGrun99Login -->
    </test> <!-- Default test -->
  </suite> <!-- Default suite -->
</testng-results>
